<?xml version="1.0" encoding="UTF-8" ?>
<testsuites>
<testsuite name="Photo organizer" errors="0" tests="3" failures="0" time="0.049" timestamp="2014-08-27T22:08:40">
  <testcase classname="Photo organizer" name="retrieves exif data for all photos" time="0.016"></testcase>
  <testcase classname="Photo organizer" name="create directories in the target directory based on months when photos were taken" time="0.017"></testcase>
  <testcase classname="Photo organizer" name="scatters photos into respective month directories" time="0.016"></testcase>
</testsuite>
</testsuites>